{"/Users/andres/Documents/testing-practice/src/components/CustomButton.component.tsx": {"path":"/Users/andres/Documents/testing-practice/src/components/CustomButton.component.tsx","statementMap":{"0":{"start":{"line":11,"column":28},"end":{"line":29,"column":1}},"1":{"start":{"line":18,"column":2},"end":{"line":28,"column":4}}},"fnMap":{"0":{"name":"(anonymous_0)","decl":{"start":{"line":11,"column":28},"end":{"line":11,"column":29}},"loc":{"start":{"line":17,"column":38},"end":{"line":29,"column":1}},"line":17}},"branchMap":{"0":{"loc":{"start":{"line":23,"column":16},"end":{"line":23,"column":36}},"type":"binary-expr","locations":[{"start":{"line":23,"column":16},"end":{"line":23,"column":24}},{"start":{"line":23,"column":28},"end":{"line":23,"column":36}}],"line":23}},"s":{"0":1,"1":70},"f":{"0":70},"b":{"0":[70,64]},"_coverageSchema":"1a1c01bbd47fc00a2c39e90264f33305004495a9","hash":"90ec5fc55657c6e47028928f2c63fe41bd8916d4"}
,"/Users/andres/Documents/testing-practice/src/components/CustomImput.component.tsx": {"path":"/Users/andres/Documents/testing-practice/src/components/CustomImput.component.tsx","statementMap":{"0":{"start":{"line":4,"column":23},"end":{"line":13,"column":1}},"1":{"start":{"line":8,"column":2},"end":{"line":12,"column":4}},"2":{"start":{"line":15,"column":27},"end":{"line":41,"column":1}},"3":{"start":{"line":25,"column":2},"end":{"line":40,"column":4}}},"fnMap":{"0":{"name":"(anonymous_0)","decl":{"start":{"line":4,"column":23},"end":{"line":4,"column":24}},"loc":{"start":{"line":7,"column":25},"end":{"line":13,"column":1}},"line":7},"1":{"name":"(anonymous_1)","decl":{"start":{"line":15,"column":27},"end":{"line":15,"column":28}},"loc":{"start":{"line":24,"column":31},"end":{"line":41,"column":1}},"line":24}},"branchMap":{"0":{"loc":{"start":{"line":9,"column":4},"end":{"line":11,"column":12}},"type":"cond-expr","locations":[{"start":{"line":10,"column":6},"end":{"line":10,"column":70}},{"start":{"line":11,"column":8},"end":{"line":11,"column":12}}],"line":9},"1":{"loc":{"start":{"line":16,"column":2},"end":{"line":16,"column":11}},"type":"default-arg","locations":[{"start":{"line":16,"column":9},"end":{"line":16,"column":11}}],"line":16},"2":{"loc":{"start":{"line":17,"column":2},"end":{"line":17,"column":12}},"type":"default-arg","locations":[{"start":{"line":17,"column":10},"end":{"line":17,"column":12}}],"line":17},"3":{"loc":{"start":{"line":18,"column":2},"end":{"line":18,"column":15}},"type":"default-arg","locations":[{"start":{"line":18,"column":9},"end":{"line":18,"column":15}}],"line":18},"4":{"loc":{"start":{"line":19,"column":2},"end":{"line":19,"column":18}},"type":"default-arg","locations":[{"start":{"line":19,"column":13},"end":{"line":19,"column":18}}],"line":19},"5":{"loc":{"start":{"line":20,"column":2},"end":{"line":20,"column":18}},"type":"default-arg","locations":[{"start":{"line":20,"column":13},"end":{"line":20,"column":18}}],"line":20},"6":{"loc":{"start":{"line":23,"column":2},"end":{"line":23,"column":18}},"type":"default-arg","locations":[{"start":{"line":23,"column":16},"end":{"line":23,"column":18}}],"line":23},"7":{"loc":{"start":{"line":32,"column":15},"end":{"line":32,"column":39}},"type":"binary-expr","locations":[{"start":{"line":32,"column":15},"end":{"line":32,"column":21}},{"start":{"line":32,"column":25},"end":{"line":32,"column":39}}],"line":32},"8":{"loc":{"start":{"line":38,"column":7},"end":{"line":38,"column":45}},"type":"binary-expr","locations":[{"start":{"line":38,"column":7},"end":{"line":38,"column":13}},{"start":{"line":38,"column":17},"end":{"line":38,"column":45}}],"line":38}},"s":{"0":1,"1":140,"2":1,"3":140},"f":{"0":140,"1":140},"b":{"0":[41,99],"1":[0],"2":[0],"3":[70],"4":[140],"5":[0],"6":[0],"7":[140,140],"8":[140,140]},"_coverageSchema":"1a1c01bbd47fc00a2c39e90264f33305004495a9","hash":"f1c4ada52ab8e43d0c1c27d55a2a1f9cbea4e4c7"}
,"/Users/andres/Documents/testing-practice/src/components/index.ts": {"path":"/Users/andres/Documents/testing-practice/src/components/index.ts","statementMap":{},"fnMap":{},"branchMap":{},"s":{},"f":{},"b":{},"_coverageSchema":"1a1c01bbd47fc00a2c39e90264f33305004495a9","hash":"b3db3dc2a92a9d98d1eace3eb5c3561900750213"}
,"/Users/andres/Documents/testing-practice/src/pages/Login/LoginForm.tsx": {"path":"/Users/andres/Documents/testing-practice/src/pages/Login/LoginForm.tsx","statementMap":{"0":{"start":{"line":13,"column":18},"end":{"line":80,"column":1}},"1":{"start":{"line":20,"column":6},"end":{"line":24,"column":4}},"2":{"start":{"line":26,"column":24},"end":{"line":26,"column":41}},"3":{"start":{"line":27,"column":24},"end":{"line":27,"column":41}},"4":{"start":{"line":29,"column":51},"end":{"line":38,"column":3}},"5":{"start":{"line":30,"column":4},"end":{"line":37,"column":5}},"6":{"start":{"line":31,"column":21},"end":{"line":31,"column":41}},"7":{"start":{"line":32,"column":6},"end":{"line":32,"column":32}},"8":{"start":{"line":33,"column":6},"end":{"line":33,"column":36}},"9":{"start":{"line":34,"column":6},"end":{"line":34,"column":13}},"10":{"start":{"line":36,"column":6},"end":{"line":36,"column":27}},"11":{"start":{"line":40,"column":2},"end":{"line":79,"column":4}}},"fnMap":{"0":{"name":"(anonymous_0)","decl":{"start":{"line":13,"column":18},"end":{"line":13,"column":19}},"loc":{"start":{"line":13,"column":37},"end":{"line":80,"column":1}},"line":13},"1":{"name":"(anonymous_1)","decl":{"start":{"line":29,"column":51},"end":{"line":29,"column":52}},"loc":{"start":{"line":29,"column":67},"end":{"line":38,"column":3}},"line":29}},"branchMap":{},"s":{"0":1,"1":77,"2":77,"3":77,"4":77,"5":1,"6":1,"7":1,"8":1,"9":1,"10":0,"11":77},"f":{"0":77,"1":1},"b":{},"_coverageSchema":"1a1c01bbd47fc00a2c39e90264f33305004495a9","hash":"c8eb0bcaf4757e7ccb9e6d63e72caeb4073f5a89"}
,"/Users/andres/Documents/testing-practice/src/pages/Login/index.ts": {"path":"/Users/andres/Documents/testing-practice/src/pages/Login/index.ts","statementMap":{},"fnMap":{},"branchMap":{},"s":{},"f":{},"b":{},"_coverageSchema":"1a1c01bbd47fc00a2c39e90264f33305004495a9","hash":"34bf8f1ed6ea66a9f75ed77ec3271d1986a56290"}
,"/Users/andres/Documents/testing-practice/src/pages/Login/components/DisplayFormValues.component.tsx": {"path":"/Users/andres/Documents/testing-practice/src/pages/Login/components/DisplayFormValues.component.tsx","statementMap":{"0":{"start":{"line":4,"column":33},"end":{"line":15,"column":1}},"1":{"start":{"line":5,"column":2},"end":{"line":14,"column":3}}},"fnMap":{"0":{"name":"(anonymous_0)","decl":{"start":{"line":4,"column":33},"end":{"line":4,"column":34}},"loc":{"start":{"line":4,"column":123},"end":{"line":15,"column":1}},"line":4}},"branchMap":{"0":{"loc":{"start":{"line":7,"column":5},"end":{"line":12,"column":5}},"type":"binary-expr","locations":[{"start":{"line":7,"column":5},"end":{"line":7,"column":12}},{"start":{"line":7,"column":16},"end":{"line":7,"column":24}},{"start":{"line":8,"column":6},"end":{"line":11,"column":9}}],"line":7}},"s":{"0":1,"1":70},"f":{"0":70},"b":{"0":[70,64,62]},"_coverageSchema":"1a1c01bbd47fc00a2c39e90264f33305004495a9","hash":"e32604d7241869f5305ee894013cdc07543be558"}
,"/Users/andres/Documents/testing-practice/src/pages/Login/components/index.ts": {"path":"/Users/andres/Documents/testing-practice/src/pages/Login/components/index.ts","statementMap":{},"fnMap":{},"branchMap":{},"s":{},"f":{},"b":{},"_coverageSchema":"1a1c01bbd47fc00a2c39e90264f33305004495a9","hash":"04e043b988401bea8dec8a234abe853236c8b5b6"}
,"/Users/andres/Documents/testing-practice/src/pages/Login/schema/login-form-schema.ts": {"path":"/Users/andres/Documents/testing-practice/src/pages/Login/schema/login-form-schema.ts","statementMap":{"0":{"start":{"line":3,"column":31},"end":{"line":9,"column":2}}},"fnMap":{},"branchMap":{},"s":{"0":1},"f":{},"b":{},"_coverageSchema":"1a1c01bbd47fc00a2c39e90264f33305004495a9","hash":"35165a587840613e34c02a82c0f5ec87bc5298ac"}
,"/Users/andres/Documents/testing-practice/src/pages/Login/services/call-endpoint.ts": {"path":"/Users/andres/Documents/testing-practice/src/pages/Login/services/call-endpoint.ts","statementMap":{"0":{"start":{"line":3,"column":28},"end":{"line":7,"column":1}},"1":{"start":{"line":4,"column":2},"end":{"line":6,"column":39}},"2":{"start":{"line":6,"column":24},"end":{"line":6,"column":37}}},"fnMap":{"0":{"name":"(anonymous_0)","decl":{"start":{"line":3,"column":28},"end":{"line":3,"column":29}},"loc":{"start":{"line":3,"column":53},"end":{"line":7,"column":1}},"line":3},"1":{"name":"(anonymous_1)","decl":{"start":{"line":6,"column":10},"end":{"line":6,"column":11}},"loc":{"start":{"line":6,"column":24},"end":{"line":6,"column":37}},"line":6}},"branchMap":{},"s":{"0":1,"1":1,"2":1},"f":{"0":1,"1":1},"b":{},"_coverageSchema":"1a1c01bbd47fc00a2c39e90264f33305004495a9","hash":"24657c00c1fecc2220509d3a69af5ce29ec138e1"}
,"/Users/andres/Documents/testing-practice/src/pages/Login/services/index.ts": {"path":"/Users/andres/Documents/testing-practice/src/pages/Login/services/index.ts","statementMap":{},"fnMap":{},"branchMap":{},"s":{},"f":{},"b":{},"_coverageSchema":"1a1c01bbd47fc00a2c39e90264f33305004495a9","hash":"210c7cbc0a3a448274d4e7103e29978416b1fe2e"}
}
