TN:
SF:src/components/CustomButton.component.tsx
FN:11,(anonymous_0)
FNF:1
FNH:1
FNDA:70,(anonymous_0)
DA:11,1
DA:18,70
LF:2
LH:2
BRDA:23,0,0,70
BRDA:23,0,1,64
BRF:2
BRH:2
end_of_record
TN:
SF:src/components/CustomImput.component.tsx
FN:4,(anonymous_0)
FN:15,(anonymous_1)
FNF:2
FNH:2
FNDA:140,(anonymous_0)
FNDA:140,(anonymous_1)
DA:4,1
DA:8,140
DA:15,1
DA:25,140
LF:4
LH:4
BRDA:9,0,0,41
BRDA:9,0,1,99
BRDA:16,1,0,0
BRDA:17,2,0,0
BRDA:18,3,0,70
BRDA:19,4,0,140
BRDA:20,5,0,0
BRDA:23,6,0,0
BRDA:32,7,0,140
BRDA:32,7,1,140
BRDA:38,8,0,140
BRDA:38,8,1,140
BRF:12
BRH:8
end_of_record
TN:
SF:src/components/index.ts
FNF:0
FNH:0
LF:0
LH:0
BRF:0
BRH:0
end_of_record
TN:
SF:src/pages/Login/LoginForm.tsx
FN:13,(anonymous_0)
FN:29,(anonymous_1)
FNF:2
FNH:2
FNDA:77,(anonymous_0)
FNDA:1,(anonymous_1)
DA:13,1
DA:20,77
DA:26,77
DA:27,77
DA:29,77
DA:30,1
DA:31,1
DA:32,1
DA:33,1
DA:34,1
DA:36,0
DA:40,77
LF:12
LH:11
BRF:0
BRH:0
end_of_record
TN:
SF:src/pages/Login/index.ts
FNF:0
FNH:0
LF:0
LH:0
BRF:0
BRH:0
end_of_record
TN:
SF:src/pages/Login/components/DisplayFormValues.component.tsx
FN:4,(anonymous_0)
FNF:1
FNH:1
FNDA:70,(anonymous_0)
DA:4,1
DA:5,70
LF:2
LH:2
BRDA:7,0,0,70
BRDA:7,0,1,64
BRDA:7,0,2,62
BRF:3
BRH:3
end_of_record
TN:
SF:src/pages/Login/components/index.ts
FNF:0
FNH:0
LF:0
LH:0
BRF:0
BRH:0
end_of_record
TN:
SF:src/pages/Login/schema/login-form-schema.ts
FNF:0
FNH:0
DA:3,1
LF:1
LH:1
BRF:0
BRH:0
end_of_record
TN:
SF:src/pages/Login/services/call-endpoint.ts
FN:3,(anonymous_0)
FN:6,(anonymous_1)
FNF:2
FNH:2
FNDA:1,(anonymous_0)
FNDA:1,(anonymous_1)
DA:3,1
DA:4,1
DA:6,1
LF:3
LH:3
BRF:0
BRH:0
end_of_record
TN:
SF:src/pages/Login/services/index.ts
FNF:0
FNH:0
LF:0
LH:0
BRF:0
BRH:0
end_of_record
